<?xml version="1.0" encoding="UTF-8"?>
<!-- Generated by org.testng.reporters.JUnitReportReporter -->
<testsuite hostname="PRADEEP-PC" failures="0" tests="1" name="testCases.TC04_ContactUsForm" time="24.040" errors="0" timestamp="2024-07-24T11:09:24 BST" skipped="0">
  <testcase classname="testCases.TC04_ContactUsForm" name="contactusform" time="24.040"/>
  <system-out/>
</testsuite> <!-- testCases.TC04_ContactUsForm -->
