<?xml version="1.0" encoding="UTF-8"?>
<!-- Generated by org.testng.reporters.JUnitReportReporter -->
<testsuite hostname="PRADEEP-PC" failures="0" tests="1" name="testCases.Tc01_AccountSignupTest" time="6.320" errors="0" timestamp="2024-07-24T11:09:24 BST" skipped="0">
  <testcase classname="testCases.Tc01_AccountSignupTest" name="accountsignuptest" time="6.320"/>
  <system-out/>
</testsuite> <!-- testCases.Tc01_AccountSignupTest -->
