<?xml version="1.0" encoding="UTF-8"?>
<!-- Generated by org.testng.reporters.JUnitReportReporter -->
<testsuite hostname="PRADEEP-PC" failures="0" tests="1" name="testCases.Tc02_AccountLoginWithExistingUser" time="2.757" errors="0" timestamp="2024-07-24T11:09:24 BST" skipped="0">
  <testcase classname="testCases.Tc02_AccountLoginWithExistingUser" name="LoginPagetestcase" time="2.757"/>
  <system-out/>
</testsuite> <!-- testCases.Tc02_AccountLoginWithExistingUser -->
