<?xml version="1.0" encoding="UTF-8"?>
<!-- Generated by org.testng.reporters.JUnitReportReporter -->
<testsuite hostname="PRADEEP-PC" failures="0" tests="1" name="testCases.TC03_AccountLoginWithInvalidEmailAddress" time="3.290" errors="0" timestamp="2024-07-17T10:55:41 BST" skipped="0">
  <testcase classname="testCases.TC03_AccountLoginWithInvalidEmailAddress" name="loginwithinvalid" time="3.290"/>
  <system-out/>
</testsuite> <!-- testCases.TC03_AccountLoginWithInvalidEmailAddress -->
